TN:
SF:script/DeployDSC.s.sol
FN:15,DeployDSC.run
FNDA:6,DeployDSC.run
DA:16,6
DA:18,6
DA:19,6
DA:21,6
DA:22,6
DA:24,6
DA:25,6
DA:26,6
DA:28,6
DA:29,6
DA:30,6
FNF:1
FNH:1
LF:11
LH:11
BRF:0
BRH:0
end_of_record
TN:
SF:script/HelperConfig.s.sol
FN:25,HelperConfig.
FNDA:6,HelperConfig.
DA:26,6
BRDA:26,0,0,-
BRDA:26,0,1,6
DA:27,0
DA:29,6
FN:33,HelperConfig.getSepoliaEthConfig
FNDA:0,HelperConfig.getSepoliaEthConfig
DA:34,0
FN:43,HelperConfig.getOrCreateAnvilEthConfig
FNDA:6,HelperConfig.getOrCreateAnvilEthConfig
DA:44,6
BRDA:44,1,0,-
DA:45,0
DA:48,6
DA:49,6
DA:50,6
DA:52,6
DA:53,6
DA:54,6
DA:56,6
FNF:3
FNH:2
LF:13
LH:10
BRF:3
BRH:1
end_of_record
TN:
SF:src/DSCEngine.sol
FN:90,DSCEngine.moreThanZero
FNDA:0,DSCEngine.moreThanZero
DA:91,0
BRDA:91,0,0,-
DA:92,0
FN:98,DSCEngine.isAllowedToken
FNDA:2,DSCEngine.isAllowedToken
DA:99,2
BRDA:99,1,0,1
DA:100,1
FN:108,DSCEngine.
FNDA:7,DSCEngine.
DA:109,7
BRDA:109,2,0,1
DA:110,1
DA:113,6
DA:114,12
DA:115,12
DA:118,6
FN:131,DSCEngine.depositCollateralAndMintDsc
FNDA:0,DSCEngine.depositCollateralAndMintDsc
DA:132,0
DA:133,0
FN:142,DSCEngine.depositCollateral
FNDA:3,DSCEngine.depositCollateral
DA:148,1
DA:149,1
DA:150,1
DA:151,1
BRDA:151,3,0,-
FN:161,DSCEngine.redeemCollateralForDsc
FNDA:0,DSCEngine.redeemCollateralForDsc
DA:162,0
DA:163,0
FN:167,DSCEngine.redeemCollateral
FNDA:0,DSCEngine.redeemCollateral
DA:168,0
DA:169,0
FN:177,DSCEngine.mintDSC
FNDA:0,DSCEngine.mintDSC
DA:178,0
DA:181,0
DA:182,0
DA:183,0
BRDA:183,4,0,-
DA:184,0
FN:189,DSCEngine.burnDsc
FNDA:0,DSCEngine.burnDsc
DA:190,0
DA:191,0
FN:205,DSCEngine.liquidate
FNDA:0,DSCEngine.liquidate
DA:206,0
DA:207,0
BRDA:207,5,0,-
DA:208,0
DA:210,0
DA:215,0
DA:216,0
DA:217,0
DA:219,0
DA:220,0
DA:222,0
BRDA:222,6,0,-
DA:223,0
DA:225,0
FN:228,DSCEngine.getHealthFactor
FNDA:0,DSCEngine.getHealthFactor
FN:238,DSCEngine._burnDsc
FNDA:0,DSCEngine._burnDsc
DA:239,0
DA:240,0
DA:241,0
BRDA:241,7,0,-
DA:242,0
DA:244,0
FN:247,DSCEngine._redeemCollateral
FNDA:0,DSCEngine._redeemCollateral
DA:248,0
DA:249,0
DA:251,0
DA:252,0
BRDA:252,8,0,-
DA:253,0
FN:257,DSCEngine._revertIfHealthFactorIsBroken
FNDA:0,DSCEngine._revertIfHealthFactorIsBroken
DA:258,0
DA:259,0
BRDA:259,9,0,-
DA:260,0
FN:264,DSCEngine._getAccountInformation
FNDA:1,DSCEngine._getAccountInformation
DA:269,1
DA:270,1
FN:277,DSCEngine._healthFactor
FNDA:0,DSCEngine._healthFactor
DA:280,0
DA:281,0
DA:282,0
FN:288,DSCEngine.getTokenAmountFromUsd
FNDA:2,DSCEngine.getTokenAmountFromUsd
DA:291,2
DA:292,2
DA:293,2
DA:294,2
FN:297,DSCEngine.getAccountCollateralValue
FNDA:0,DSCEngine.getAccountCollateralValue
DA:299,1
DA:300,2
DA:301,2
DA:302,2
DA:304,0
FN:307,DSCEngine.getUsdValue
FNDA:1,DSCEngine.getUsdValue
DA:308,3
DA:309,3
DA:311,3
FN:314,DSCEngine.getAccountInformation
FNDA:1,DSCEngine.getAccountInformation
DA:315,1
FNF:20
FNH:7
LF:70
LH:26
BRF:10
BRH:2
end_of_record
TN:
SF:src/DecentralizedStableCoin.sol
FN:43,DecentralizedStableCoin.
FNDA:6,DecentralizedStableCoin.
FN:45,DecentralizedStableCoin.burn
FNDA:0,DecentralizedStableCoin.burn
DA:46,0
DA:48,0
BRDA:48,0,0,-
DA:49,0
DA:52,0
BRDA:52,1,0,-
DA:53,0
DA:55,0
FN:58,DecentralizedStableCoin.mint
FNDA:0,DecentralizedStableCoin.mint
DA:59,0
BRDA:59,2,0,-
DA:60,0
DA:63,0
BRDA:63,3,0,-
DA:64,0
DA:66,0
DA:67,0
FNF:3
FNH:1
LF:12
LH:0
BRF:4
BRH:0
end_of_record
TN:
SF:test/mocks/MockV3Aggregator.sol
FN:24,MockV3Aggregator.
FNDA:12,MockV3Aggregator.
DA:25,12
DA:26,12
FN:29,MockV3Aggregator.updateAnswer
FNDA:12,MockV3Aggregator.updateAnswer
DA:30,12
DA:31,12
DA:32,12
DA:33,12
DA:34,12
DA:35,12
FN:38,MockV3Aggregator.updateRoundData
FNDA:0,MockV3Aggregator.updateRoundData
DA:39,0
DA:40,0
DA:41,0
DA:42,0
DA:43,0
DA:44,0
FN:47,MockV3Aggregator.getRoundData
FNDA:0,MockV3Aggregator.getRoundData
DA:52,0
FN:55,MockV3Aggregator.latestRoundData
FNDA:5,MockV3Aggregator.latestRoundData
DA:60,5
FN:69,MockV3Aggregator.description
FNDA:0,MockV3Aggregator.description
DA:70,0
FNF:6
FNH:3
LF:17
LH:9
BRF:0
BRH:0
end_of_record
